<?xml version="1.0" encoding="UTF-8"?>
<!-- Generated by org.testng.reporters.JUnitReportReporter -->
<testsuite skipped="0" hostname="SANDEEPs-MacBook-Pro-2.local" name="CucumberFramework.runner.MainRunner2" tests="1" failures="0" timestamp="26 Nov 2018 20:28:11 GMT" time="8.959" errors="0">
  <testcase name="feature" time="8.959" classname="CucumberFramework.runner.MainRunner2"/>
</testsuite> <!-- CucumberFramework.runner.MainRunner2 -->
