<?xml version="1.0" encoding="UTF-8"?>
<!-- Generated by org.testng.reporters.JUnitReportReporter -->
<testsuite skipped="0" hostname="SANDEEPs-MacBook-Pro-2.local" name="CucumberFramework.runner.MainRunner" tests="3" failures="0" timestamp="27 Nov 2018 16:47:26 GMT" time="88.197" errors="0">
  <testcase name="feature" time="26.184" classname="CucumberFramework.runner.MainRunner"/>
  <testcase name="feature" time="29.444" classname="CucumberFramework.runner.MainRunner"/>
  <testcase name="feature" time="32.569" classname="CucumberFramework.runner.MainRunner"/>
</testsuite> <!-- CucumberFramework.runner.MainRunner -->
